[ 2025-04-25 11:05:34,676 ] 11 WDM - INFO - ====== WebDriver manager ======
[ 2025-04-25 11:05:37,612 ] 11 WDM - INFO - Get LATEST chromedriver version for google-chrome
[ 2025-04-25 11:05:37,855 ] 11 WDM - INFO - Get LATEST chromedriver version for google-chrome
[ 2025-04-25 11:05:37,949 ] 11 WDM - INFO - Get LATEST chromedriver version for google-chrome
[ 2025-04-25 11:05:38,256 ] 11 WDM - INFO - WebDriver version 135.0.7049.114 selected
[ 2025-04-25 11:05:38,268 ] 11 WDM - INFO - Modern chrome version https://storage.googleapis.com/chrome-for-testing-public/135.0.7049.114/win32/chromedriver-win32.zip
[ 2025-04-25 11:05:38,271 ] 11 WDM - INFO - About to download new driver from https://storage.googleapis.com/chrome-for-testing-public/135.0.7049.114/win32/chromedriver-win32.zip
[ 2025-04-25 11:05:38,486 ] 11 WDM - INFO - Driver downloading response is 200
[ 2025-04-25 11:05:40,359 ] 11 WDM - INFO - Get LATEST chromedriver version for google-chrome
[ 2025-04-25 11:05:40,655 ] 11 WDM - INFO - Driver has been saved in cache [C:\Users\PrinciaFernandes\.wdm\drivers\chromedriver\win64\135.0.7049.114]
[ 2025-04-25 11:05:42,865 ] 18 __main__ - INFO - STARTING SENTINEL PIPELINE...
[ 2025-04-25 11:05:42,865 ] 19 src.pipeline.sentinel_pipe - INFO - SCRAPPING SENTINEL phenotypes...
[ 2025-04-25 11:10:17,694 ] 1026 httpx - INFO - HTTP Request: POST https://generativelanguage.googleapis.com/v1beta/chat/completions "HTTP/1.1 200 OK"
[ 2025-04-25 11:10:34,572 ] 1026 httpx - INFO - HTTP Request: POST https://generativelanguage.googleapis.com/v1beta/chat/completions "HTTP/1.1 200 OK"
[ 2025-04-25 11:10:34,587 ] 22 src.pipeline.sentinel_pipe - INFO - SCRAPPING SENTINEL done successfully
[ 2025-04-25 11:10:34,614 ] 28 src.pipeline.sentinel_pipe - INFO - Creating SENTINEL detail file...
[ 2025-04-25 11:10:34,627 ] 30 src.pipeline.sentinel_pipe - INFO - SENTINEL detail file Created Successfully...
[ 2025-04-25 11:10:34,638 ] 36 src.pipeline.sentinel_pipe - INFO - Creating SENTINEL concept file...
[ 2025-04-25 11:10:34,647 ] 38 src.pipeline.sentinel_pipe - INFO - SENTINEL concept file Created Successfully...
[ 2025-04-25 11:10:34,683 ] 21 __main__ - INFO - SENTINEL PIPELINE COMPLETED SUCCESSFULLY
[ 2025-04-25 11:10:34,684 ] 29 __main__ - INFO - STARTING HDRUK PIPELINE...
[ 2025-04-25 11:10:34,684 ] 20 src.pipeline.hdruk_pipe - INFO - SCRAPPING HDRUK phenotypes...
[ 2025-04-25 11:11:26,370 ] 24 src.pipeline.hdruk_pipe - INFO - SCRAPPING HDRUK done successfully
[ 2025-04-25 11:11:26,892 ] 30 src.pipeline.hdruk_pipe - INFO - Creating HDRUK detail file...
[ 2025-04-25 11:11:26,894 ] 32 src.pipeline.hdruk_pipe - INFO - HDRUK detail file Created Successfully...
[ 2025-04-25 11:11:26,899 ] 38 src.pipeline.hdruk_pipe - INFO - Creating HDRUK concept file...
[ 2025-04-25 11:11:27,174 ] 40 src.pipeline.hdruk_pipe - INFO - HDRUK concept file Created Successfully...
[ 2025-04-25 11:11:27,653 ] 32 __main__ - INFO - HDRUK PIPELINE COMPLETED SUCCESSFULLY
[ 2025-04-25 11:11:27,653 ] 41 __main__ - INFO - STARTING CPRD PIPELINE...
[ 2025-04-25 11:11:27,657 ] 19 src.pipeline.cprd_pipe - INFO - SCRAPPING CPRD phenotypes...
[ 2025-04-25 11:11:30,034 ] 22 src.pipeline.cprd_pipe - INFO - SCRAPPING CPRD done successfully
[ 2025-04-25 11:11:30,073 ] 28 src.pipeline.cprd_pipe - INFO - Creating CPRD detail file...
[ 2025-04-25 11:11:30,074 ] 30 src.pipeline.cprd_pipe - INFO - CPRD detail file Created Successfully...
[ 2025-04-25 11:11:30,076 ] 36 src.pipeline.cprd_pipe - INFO - Creating CPRD concept file...
[ 2025-04-25 11:11:30,078 ] 38 src.pipeline.cprd_pipe - INFO - CPRD concept file Created Successfully...
[ 2025-04-25 11:11:30,103 ] 44 __main__ - INFO - CPRD PIPELINE COMPLETED SUCCESSFULLY
[ 2025-04-25 11:11:30,113 ] 53 __main__ - INFO - STARTING PHEKB PIPELINE...
[ 2025-04-25 11:12:25,137 ] 56 __main__ - INFO - PHEKB PIPELINE COMPLETED SUCCESSFULLY
[ 2025-04-25 11:12:25,138 ] 64 __main__ - INFO - STARTING OHDSI PIPELINE...
[ 2025-04-25 11:12:25,140 ] 15 src.pipeline.ohdsi_pipe - INFO - Creating OHDSI detail file...
[ 2025-04-25 11:12:25,237 ] 18 src.pipeline.ohdsi_pipe - INFO - OHDSI detail file Created Successfully...
[ 2025-04-25 11:12:25,421 ] 25 src.pipeline.ohdsi_pipe - INFO - Creating OHDSI concept file...
[ 2025-04-25 11:12:25,490 ] 27 src.pipeline.ohdsi_pipe - INFO - OHDSI concept file Created Successfully...
[ 2025-04-25 11:12:25,508 ] 67 __main__ - INFO - OHDSI PIPELINE COMPLETED SUCCESSFULLY
[ 2025-04-25 11:12:25,514 ] 76 __main__ - INFO - CREATING MASTERLIST
[ 2025-04-25 11:12:25,514 ] 85 __main__ - ERROR - AN ERROR OCCURRED WHILE CREATING MASTERLIST 
Traceback (most recent call last):
  File "C:\Users\PrinciaFernandes\Mresult\Phenomix\main.py", line 77, in <module>
    combined_detail = transform_detail(detail_files)
                      ^^^^^^^^^^^^^^^^^^^^^^^^^^^^^^
  File "C:\Users\PrinciaFernandes\Mresult\Phenomix\src\masterlist\masterlist.py", line 8, in transform_detail
    if 'Outcome' in dict.keys():
                   ^^^^^^^^^
AttributeError: 'list' object has no attribute 'keys'
