[ 2025-05-07 09:33:07,625 ] 11 WDM - INFO - ====== WebDriver manager ======
[ 2025-05-07 09:33:10,237 ] 11 WDM - INFO - Get LATEST chromedriver version for google-chrome
[ 2025-05-07 09:33:10,364 ] 11 WDM - INFO - Get LATEST chromedriver version for google-chrome
[ 2025-05-07 09:33:10,447 ] 11 WDM - INFO - Driver [C:\Users\PrinciaFernandes\.wdm\drivers\chromedriver\win64\136.0.7103.92\chromedriver-win32/chromedriver.exe] found in cache
[ 2025-05-07 09:33:12,117 ] 16 __main__ - INFO - STARTING PIPELINE...
[ 2025-05-07 09:33:12,118 ] 20 __main__ - INFO - STARTING SENTINEL PIPELINE...
[ 2025-05-07 09:33:12,118 ] 18 src.pipeline.sentinel_pipe - INFO - SCRAPPING SENTINEL phenotypes...
[ 2025-05-07 09:37:32,595 ] 1026 httpx - INFO - HTTP Request: POST https://generativelanguage.googleapis.com/v1beta/chat/completions "HTTP/1.1 200 OK"
[ 2025-05-07 09:37:48,951 ] 1026 httpx - INFO - HTTP Request: POST https://generativelanguage.googleapis.com/v1beta/chat/completions "HTTP/1.1 200 OK"
[ 2025-05-07 09:38:07,929 ] 1026 httpx - INFO - HTTP Request: POST https://generativelanguage.googleapis.com/v1beta/chat/completions "HTTP/1.1 200 OK"
[ 2025-05-07 09:38:23,635 ] 1026 httpx - INFO - HTTP Request: POST https://generativelanguage.googleapis.com/v1beta/chat/completions "HTTP/1.1 200 OK"
[ 2025-05-07 09:38:38,388 ] 1026 httpx - INFO - HTTP Request: POST https://generativelanguage.googleapis.com/v1beta/chat/completions "HTTP/1.1 200 OK"
[ 2025-05-07 09:38:49,430 ] 1026 httpx - INFO - HTTP Request: POST https://generativelanguage.googleapis.com/v1beta/chat/completions "HTTP/1.1 200 OK"
[ 2025-05-07 09:39:02,257 ] 1026 httpx - INFO - HTTP Request: POST https://generativelanguage.googleapis.com/v1beta/chat/completions "HTTP/1.1 200 OK"
[ 2025-05-07 09:39:14,135 ] 1026 httpx - INFO - HTTP Request: POST https://generativelanguage.googleapis.com/v1beta/chat/completions "HTTP/1.1 200 OK"
[ 2025-05-07 09:39:26,509 ] 1026 httpx - INFO - HTTP Request: POST https://generativelanguage.googleapis.com/v1beta/chat/completions "HTTP/1.1 200 OK"
[ 2025-05-07 09:39:38,680 ] 1026 httpx - INFO - HTTP Request: POST https://generativelanguage.googleapis.com/v1beta/chat/completions "HTTP/1.1 200 OK"
[ 2025-05-07 09:39:51,043 ] 1026 httpx - INFO - HTTP Request: POST https://generativelanguage.googleapis.com/v1beta/chat/completions "HTTP/1.1 200 OK"
[ 2025-05-07 09:40:03,965 ] 1026 httpx - INFO - HTTP Request: POST https://generativelanguage.googleapis.com/v1beta/chat/completions "HTTP/1.1 200 OK"
[ 2025-05-07 09:40:19,192 ] 1026 httpx - INFO - HTTP Request: POST https://generativelanguage.googleapis.com/v1beta/chat/completions "HTTP/1.1 200 OK"
[ 2025-05-07 09:40:36,486 ] 1026 httpx - INFO - HTTP Request: POST https://generativelanguage.googleapis.com/v1beta/chat/completions "HTTP/1.1 200 OK"
[ 2025-05-07 09:40:53,948 ] 1026 httpx - INFO - HTTP Request: POST https://generativelanguage.googleapis.com/v1beta/chat/completions "HTTP/1.1 200 OK"
[ 2025-05-07 09:41:09,829 ] 1026 httpx - INFO - HTTP Request: POST https://generativelanguage.googleapis.com/v1beta/chat/completions "HTTP/1.1 200 OK"
[ 2025-05-07 09:41:25,094 ] 1026 httpx - INFO - HTTP Request: POST https://generativelanguage.googleapis.com/v1beta/chat/completions "HTTP/1.1 200 OK"
[ 2025-05-07 09:41:38,821 ] 1026 httpx - INFO - HTTP Request: POST https://generativelanguage.googleapis.com/v1beta/chat/completions "HTTP/1.1 200 OK"
[ 2025-05-07 09:41:51,488 ] 1026 httpx - INFO - HTTP Request: POST https://generativelanguage.googleapis.com/v1beta/chat/completions "HTTP/1.1 200 OK"
[ 2025-05-07 09:42:08,773 ] 1026 httpx - INFO - HTTP Request: POST https://generativelanguage.googleapis.com/v1beta/chat/completions "HTTP/1.1 200 OK"
[ 2025-05-07 09:42:22,680 ] 1026 httpx - INFO - HTTP Request: POST https://generativelanguage.googleapis.com/v1beta/chat/completions "HTTP/1.1 200 OK"
[ 2025-05-07 09:42:35,530 ] 1026 httpx - INFO - HTTP Request: POST https://generativelanguage.googleapis.com/v1beta/chat/completions "HTTP/1.1 200 OK"
[ 2025-05-07 09:42:48,171 ] 1026 httpx - INFO - HTTP Request: POST https://generativelanguage.googleapis.com/v1beta/chat/completions "HTTP/1.1 200 OK"
[ 2025-05-07 09:43:00,593 ] 1026 httpx - INFO - HTTP Request: POST https://generativelanguage.googleapis.com/v1beta/chat/completions "HTTP/1.1 200 OK"
[ 2025-05-07 09:43:17,188 ] 1026 httpx - INFO - HTTP Request: POST https://generativelanguage.googleapis.com/v1beta/chat/completions "HTTP/1.1 200 OK"
[ 2025-05-07 09:43:29,721 ] 1026 httpx - INFO - HTTP Request: POST https://generativelanguage.googleapis.com/v1beta/chat/completions "HTTP/1.1 200 OK"
[ 2025-05-07 09:43:48,971 ] 1026 httpx - INFO - HTTP Request: POST https://generativelanguage.googleapis.com/v1beta/chat/completions "HTTP/1.1 200 OK"
[ 2025-05-07 09:44:03,320 ] 1026 httpx - INFO - HTTP Request: POST https://generativelanguage.googleapis.com/v1beta/chat/completions "HTTP/1.1 200 OK"
[ 2025-05-07 09:44:19,523 ] 1026 httpx - INFO - HTTP Request: POST https://generativelanguage.googleapis.com/v1beta/chat/completions "HTTP/1.1 200 OK"
[ 2025-05-07 09:44:32,608 ] 1026 httpx - INFO - HTTP Request: POST https://generativelanguage.googleapis.com/v1beta/chat/completions "HTTP/1.1 200 OK"
[ 2025-05-07 09:44:49,967 ] 1026 httpx - INFO - HTTP Request: POST https://generativelanguage.googleapis.com/v1beta/chat/completions "HTTP/1.1 200 OK"
[ 2025-05-07 09:45:08,951 ] 1026 httpx - INFO - HTTP Request: POST https://generativelanguage.googleapis.com/v1beta/chat/completions "HTTP/1.1 200 OK"
[ 2025-05-07 09:45:25,117 ] 1026 httpx - INFO - HTTP Request: POST https://generativelanguage.googleapis.com/v1beta/chat/completions "HTTP/1.1 200 OK"
[ 2025-05-07 09:45:37,535 ] 1026 httpx - INFO - HTTP Request: POST https://generativelanguage.googleapis.com/v1beta/chat/completions "HTTP/1.1 200 OK"
[ 2025-05-07 09:45:50,289 ] 1026 httpx - INFO - HTTP Request: POST https://generativelanguage.googleapis.com/v1beta/chat/completions "HTTP/1.1 200 OK"
[ 2025-05-07 09:46:03,292 ] 1026 httpx - INFO - HTTP Request: POST https://generativelanguage.googleapis.com/v1beta/chat/completions "HTTP/1.1 200 OK"
[ 2025-05-07 09:46:17,497 ] 1026 httpx - INFO - HTTP Request: POST https://generativelanguage.googleapis.com/v1beta/chat/completions "HTTP/1.1 200 OK"
[ 2025-05-07 09:46:31,327 ] 1026 httpx - INFO - HTTP Request: POST https://generativelanguage.googleapis.com/v1beta/chat/completions "HTTP/1.1 200 OK"
[ 2025-05-07 09:46:44,014 ] 1026 httpx - INFO - HTTP Request: POST https://generativelanguage.googleapis.com/v1beta/chat/completions "HTTP/1.1 200 OK"
[ 2025-05-07 09:46:59,038 ] 1026 httpx - INFO - HTTP Request: POST https://generativelanguage.googleapis.com/v1beta/chat/completions "HTTP/1.1 200 OK"
[ 2025-05-07 09:47:13,329 ] 1026 httpx - INFO - HTTP Request: POST https://generativelanguage.googleapis.com/v1beta/chat/completions "HTTP/1.1 200 OK"
[ 2025-05-07 09:47:27,799 ] 1026 httpx - INFO - HTTP Request: POST https://generativelanguage.googleapis.com/v1beta/chat/completions "HTTP/1.1 200 OK"
[ 2025-05-07 09:47:42,747 ] 1026 httpx - INFO - HTTP Request: POST https://generativelanguage.googleapis.com/v1beta/chat/completions "HTTP/1.1 200 OK"
[ 2025-05-07 09:47:56,419 ] 1026 httpx - INFO - HTTP Request: POST https://generativelanguage.googleapis.com/v1beta/chat/completions "HTTP/1.1 200 OK"
[ 2025-05-07 09:48:12,002 ] 1026 httpx - INFO - HTTP Request: POST https://generativelanguage.googleapis.com/v1beta/chat/completions "HTTP/1.1 200 OK"
[ 2025-05-07 09:48:26,606 ] 1026 httpx - INFO - HTTP Request: POST https://generativelanguage.googleapis.com/v1beta/chat/completions "HTTP/1.1 200 OK"
[ 2025-05-07 09:48:41,451 ] 1026 httpx - INFO - HTTP Request: POST https://generativelanguage.googleapis.com/v1beta/chat/completions "HTTP/1.1 200 OK"
[ 2025-05-07 09:48:56,155 ] 1026 httpx - INFO - HTTP Request: POST https://generativelanguage.googleapis.com/v1beta/chat/completions "HTTP/1.1 200 OK"
[ 2025-05-07 09:49:09,411 ] 1026 httpx - INFO - HTTP Request: POST https://generativelanguage.googleapis.com/v1beta/chat/completions "HTTP/1.1 200 OK"
[ 2025-05-07 09:49:22,930 ] 1026 httpx - INFO - HTTP Request: POST https://generativelanguage.googleapis.com/v1beta/chat/completions "HTTP/1.1 200 OK"
[ 2025-05-07 09:49:36,869 ] 1026 httpx - INFO - HTTP Request: POST https://generativelanguage.googleapis.com/v1beta/chat/completions "HTTP/1.1 200 OK"
[ 2025-05-07 09:49:51,399 ] 1026 httpx - INFO - HTTP Request: POST https://generativelanguage.googleapis.com/v1beta/chat/completions "HTTP/1.1 200 OK"
[ 2025-05-07 09:50:05,104 ] 1026 httpx - INFO - HTTP Request: POST https://generativelanguage.googleapis.com/v1beta/chat/completions "HTTP/1.1 200 OK"
[ 2025-05-07 09:50:18,873 ] 1026 httpx - INFO - HTTP Request: POST https://generativelanguage.googleapis.com/v1beta/chat/completions "HTTP/1.1 200 OK"
[ 2025-05-07 09:50:35,210 ] 1026 httpx - INFO - HTTP Request: POST https://generativelanguage.googleapis.com/v1beta/chat/completions "HTTP/1.1 200 OK"
[ 2025-05-07 09:50:49,753 ] 1026 httpx - INFO - HTTP Request: POST https://generativelanguage.googleapis.com/v1beta/chat/completions "HTTP/1.1 200 OK"
[ 2025-05-07 09:51:04,413 ] 1026 httpx - INFO - HTTP Request: POST https://generativelanguage.googleapis.com/v1beta/chat/completions "HTTP/1.1 200 OK"
[ 2025-05-07 09:51:19,163 ] 1026 httpx - INFO - HTTP Request: POST https://generativelanguage.googleapis.com/v1beta/chat/completions "HTTP/1.1 200 OK"
[ 2025-05-07 09:51:34,241 ] 1026 httpx - INFO - HTTP Request: POST https://generativelanguage.googleapis.com/v1beta/chat/completions "HTTP/1.1 200 OK"
[ 2025-05-07 09:51:48,239 ] 1026 httpx - INFO - HTTP Request: POST https://generativelanguage.googleapis.com/v1beta/chat/completions "HTTP/1.1 200 OK"
[ 2025-05-07 09:52:02,774 ] 1026 httpx - INFO - HTTP Request: POST https://generativelanguage.googleapis.com/v1beta/chat/completions "HTTP/1.1 200 OK"
[ 2025-05-07 09:52:16,604 ] 1026 httpx - INFO - HTTP Request: POST https://generativelanguage.googleapis.com/v1beta/chat/completions "HTTP/1.1 200 OK"
[ 2025-05-07 09:52:31,471 ] 1026 httpx - INFO - HTTP Request: POST https://generativelanguage.googleapis.com/v1beta/chat/completions "HTTP/1.1 200 OK"
[ 2025-05-07 09:52:46,968 ] 1026 httpx - INFO - HTTP Request: POST https://generativelanguage.googleapis.com/v1beta/chat/completions "HTTP/1.1 200 OK"
[ 2025-05-07 09:53:02,066 ] 1026 httpx - INFO - HTTP Request: POST https://generativelanguage.googleapis.com/v1beta/chat/completions "HTTP/1.1 200 OK"
[ 2025-05-07 09:53:16,811 ] 1026 httpx - INFO - HTTP Request: POST https://generativelanguage.googleapis.com/v1beta/chat/completions "HTTP/1.1 200 OK"
[ 2025-05-07 09:53:31,334 ] 1026 httpx - INFO - HTTP Request: POST https://generativelanguage.googleapis.com/v1beta/chat/completions "HTTP/1.1 200 OK"
[ 2025-05-07 09:53:49,631 ] 1026 httpx - INFO - HTTP Request: POST https://generativelanguage.googleapis.com/v1beta/chat/completions "HTTP/1.1 200 OK"
[ 2025-05-07 09:54:05,398 ] 1026 httpx - INFO - HTTP Request: POST https://generativelanguage.googleapis.com/v1beta/chat/completions "HTTP/1.1 200 OK"
[ 2025-05-07 09:54:22,841 ] 1026 httpx - INFO - HTTP Request: POST https://generativelanguage.googleapis.com/v1beta/chat/completions "HTTP/1.1 200 OK"
[ 2025-05-07 09:54:27,819 ] 1026 httpx - INFO - HTTP Request: POST https://generativelanguage.googleapis.com/v1beta/chat/completions "HTTP/1.1 200 OK"
[ 2025-05-07 09:54:34,162 ] 1026 httpx - INFO - HTTP Request: POST https://generativelanguage.googleapis.com/v1beta/chat/completions "HTTP/1.1 200 OK"
[ 2025-05-07 09:54:48,559 ] 1026 httpx - INFO - HTTP Request: POST https://generativelanguage.googleapis.com/v1beta/chat/completions "HTTP/1.1 200 OK"
[ 2025-05-07 09:55:01,077 ] 1026 httpx - INFO - HTTP Request: POST https://generativelanguage.googleapis.com/v1beta/chat/completions "HTTP/1.1 200 OK"
[ 2025-05-07 09:55:07,706 ] 1026 httpx - INFO - HTTP Request: POST https://generativelanguage.googleapis.com/v1beta/chat/completions "HTTP/1.1 200 OK"
[ 2025-05-07 09:55:23,221 ] 1026 httpx - INFO - HTTP Request: POST https://generativelanguage.googleapis.com/v1beta/chat/completions "HTTP/1.1 200 OK"
[ 2025-05-07 09:55:33,566 ] 1026 httpx - INFO - HTTP Request: POST https://generativelanguage.googleapis.com/v1beta/chat/completions "HTTP/1.1 200 OK"
[ 2025-05-07 09:55:39,620 ] 1026 httpx - INFO - HTTP Request: POST https://generativelanguage.googleapis.com/v1beta/chat/completions "HTTP/1.1 200 OK"
[ 2025-05-07 09:55:54,718 ] 1026 httpx - INFO - HTTP Request: POST https://generativelanguage.googleapis.com/v1beta/chat/completions "HTTP/1.1 200 OK"
[ 2025-05-07 09:56:08,536 ] 1026 httpx - INFO - HTTP Request: POST https://generativelanguage.googleapis.com/v1beta/chat/completions "HTTP/1.1 200 OK"
[ 2025-05-07 09:56:16,092 ] 1026 httpx - INFO - HTTP Request: POST https://generativelanguage.googleapis.com/v1beta/chat/completions "HTTP/1.1 200 OK"
[ 2025-05-07 09:56:20,900 ] 1026 httpx - INFO - HTTP Request: POST https://generativelanguage.googleapis.com/v1beta/chat/completions "HTTP/1.1 200 OK"
[ 2025-05-07 09:56:29,935 ] 1026 httpx - INFO - HTTP Request: POST https://generativelanguage.googleapis.com/v1beta/chat/completions "HTTP/1.1 200 OK"
[ 2025-05-07 09:56:34,605 ] 1026 httpx - INFO - HTTP Request: POST https://generativelanguage.googleapis.com/v1beta/chat/completions "HTTP/1.1 200 OK"
[ 2025-05-07 09:56:38,131 ] 1026 httpx - INFO - HTTP Request: POST https://generativelanguage.googleapis.com/v1beta/chat/completions "HTTP/1.1 200 OK"
[ 2025-05-07 09:56:42,599 ] 1026 httpx - INFO - HTTP Request: POST https://generativelanguage.googleapis.com/v1beta/chat/completions "HTTP/1.1 200 OK"
[ 2025-05-07 09:56:43,533 ] 1026 httpx - INFO - HTTP Request: POST https://generativelanguage.googleapis.com/v1beta/chat/completions "HTTP/1.1 200 OK"
[ 2025-05-07 09:56:48,364 ] 1026 httpx - INFO - HTTP Request: POST https://generativelanguage.googleapis.com/v1beta/chat/completions "HTTP/1.1 200 OK"
[ 2025-05-07 09:56:51,459 ] 1026 httpx - INFO - HTTP Request: POST https://generativelanguage.googleapis.com/v1beta/chat/completions "HTTP/1.1 200 OK"
[ 2025-05-07 09:56:57,903 ] 1026 httpx - INFO - HTTP Request: POST https://generativelanguage.googleapis.com/v1beta/chat/completions "HTTP/1.1 200 OK"
[ 2025-05-07 09:57:13,355 ] 1026 httpx - INFO - HTTP Request: POST https://generativelanguage.googleapis.com/v1beta/chat/completions "HTTP/1.1 200 OK"
[ 2025-05-07 09:57:29,436 ] 1026 httpx - INFO - HTTP Request: POST https://generativelanguage.googleapis.com/v1beta/chat/completions "HTTP/1.1 200 OK"
[ 2025-05-07 09:57:46,122 ] 1026 httpx - INFO - HTTP Request: POST https://generativelanguage.googleapis.com/v1beta/chat/completions "HTTP/1.1 200 OK"
[ 2025-05-07 09:58:02,203 ] 1026 httpx - INFO - HTTP Request: POST https://generativelanguage.googleapis.com/v1beta/chat/completions "HTTP/1.1 200 OK"
[ 2025-05-07 09:58:18,844 ] 1026 httpx - INFO - HTTP Request: POST https://generativelanguage.googleapis.com/v1beta/chat/completions "HTTP/1.1 200 OK"
[ 2025-05-07 09:58:34,753 ] 1026 httpx - INFO - HTTP Request: POST https://generativelanguage.googleapis.com/v1beta/chat/completions "HTTP/1.1 200 OK"
[ 2025-05-07 09:58:38,449 ] 1026 httpx - INFO - HTTP Request: POST https://generativelanguage.googleapis.com/v1beta/chat/completions "HTTP/1.1 200 OK"
[ 2025-05-07 09:58:44,826 ] 1026 httpx - INFO - HTTP Request: POST https://generativelanguage.googleapis.com/v1beta/chat/completions "HTTP/1.1 200 OK"
[ 2025-05-07 09:58:47,639 ] 1026 httpx - INFO - HTTP Request: POST https://generativelanguage.googleapis.com/v1beta/chat/completions "HTTP/1.1 200 OK"
[ 2025-05-07 09:58:53,288 ] 1026 httpx - INFO - HTTP Request: POST https://generativelanguage.googleapis.com/v1beta/chat/completions "HTTP/1.1 200 OK"
[ 2025-05-07 09:58:55,781 ] 1026 httpx - INFO - HTTP Request: POST https://generativelanguage.googleapis.com/v1beta/chat/completions "HTTP/1.1 200 OK"
[ 2025-05-07 09:59:02,985 ] 1026 httpx - INFO - HTTP Request: POST https://generativelanguage.googleapis.com/v1beta/chat/completions "HTTP/1.1 200 OK"
[ 2025-05-07 09:59:16,729 ] 1026 httpx - INFO - HTTP Request: POST https://generativelanguage.googleapis.com/v1beta/chat/completions "HTTP/1.1 200 OK"
[ 2025-05-07 09:59:30,174 ] 1026 httpx - INFO - HTTP Request: POST https://generativelanguage.googleapis.com/v1beta/chat/completions "HTTP/1.1 200 OK"
[ 2025-05-07 09:59:39,097 ] 1026 httpx - INFO - HTTP Request: POST https://generativelanguage.googleapis.com/v1beta/chat/completions "HTTP/1.1 200 OK"
[ 2025-05-07 09:59:44,672 ] 1026 httpx - INFO - HTTP Request: POST https://generativelanguage.googleapis.com/v1beta/chat/completions "HTTP/1.1 200 OK"
[ 2025-05-07 09:59:45,451 ] 1026 httpx - INFO - HTTP Request: POST https://generativelanguage.googleapis.com/v1beta/chat/completions "HTTP/1.1 200 OK"
[ 2025-05-07 09:59:55,090 ] 1026 httpx - INFO - HTTP Request: POST https://generativelanguage.googleapis.com/v1beta/chat/completions "HTTP/1.1 200 OK"
[ 2025-05-07 10:00:14,636 ] 1026 httpx - INFO - HTTP Request: POST https://generativelanguage.googleapis.com/v1beta/chat/completions "HTTP/1.1 200 OK"
[ 2025-05-07 10:00:33,768 ] 1026 httpx - INFO - HTTP Request: POST https://generativelanguage.googleapis.com/v1beta/chat/completions "HTTP/1.1 200 OK"
[ 2025-05-07 10:00:53,494 ] 1026 httpx - INFO - HTTP Request: POST https://generativelanguage.googleapis.com/v1beta/chat/completions "HTTP/1.1 200 OK"
[ 2025-05-07 10:01:14,513 ] 1026 httpx - INFO - HTTP Request: POST https://generativelanguage.googleapis.com/v1beta/chat/completions "HTTP/1.1 200 OK"
[ 2025-05-07 10:01:33,829 ] 1026 httpx - INFO - HTTP Request: POST https://generativelanguage.googleapis.com/v1beta/chat/completions "HTTP/1.1 200 OK"
[ 2025-05-07 10:01:54,337 ] 1026 httpx - INFO - HTTP Request: POST https://generativelanguage.googleapis.com/v1beta/chat/completions "HTTP/1.1 200 OK"
[ 2025-05-07 10:02:14,835 ] 1026 httpx - INFO - HTTP Request: POST https://generativelanguage.googleapis.com/v1beta/chat/completions "HTTP/1.1 200 OK"
[ 2025-05-07 10:02:34,783 ] 1026 httpx - INFO - HTTP Request: POST https://generativelanguage.googleapis.com/v1beta/chat/completions "HTTP/1.1 200 OK"
[ 2025-05-07 10:02:54,640 ] 1026 httpx - INFO - HTTP Request: POST https://generativelanguage.googleapis.com/v1beta/chat/completions "HTTP/1.1 200 OK"
[ 2025-05-07 10:03:16,065 ] 1026 httpx - INFO - HTTP Request: POST https://generativelanguage.googleapis.com/v1beta/chat/completions "HTTP/1.1 200 OK"
[ 2025-05-07 10:03:36,218 ] 1026 httpx - INFO - HTTP Request: POST https://generativelanguage.googleapis.com/v1beta/chat/completions "HTTP/1.1 200 OK"
[ 2025-05-07 10:03:56,377 ] 1026 httpx - INFO - HTTP Request: POST https://generativelanguage.googleapis.com/v1beta/chat/completions "HTTP/1.1 200 OK"
[ 2025-05-07 10:04:17,141 ] 1026 httpx - INFO - HTTP Request: POST https://generativelanguage.googleapis.com/v1beta/chat/completions "HTTP/1.1 200 OK"
[ 2025-05-07 10:04:29,130 ] 1026 httpx - INFO - HTTP Request: POST https://generativelanguage.googleapis.com/v1beta/chat/completions "HTTP/1.1 200 OK"
[ 2025-05-07 10:04:56,556 ] 1026 httpx - INFO - HTTP Request: POST https://generativelanguage.googleapis.com/v1beta/chat/completions "HTTP/1.1 200 OK"
[ 2025-05-07 10:05:23,727 ] 1026 httpx - INFO - HTTP Request: POST https://generativelanguage.googleapis.com/v1beta/chat/completions "HTTP/1.1 200 OK"
[ 2025-05-07 10:05:46,858 ] 1026 httpx - INFO - HTTP Request: POST https://generativelanguage.googleapis.com/v1beta/chat/completions "HTTP/1.1 200 OK"
[ 2025-05-07 10:06:15,877 ] 1026 httpx - INFO - HTTP Request: POST https://generativelanguage.googleapis.com/v1beta/chat/completions "HTTP/1.1 200 OK"
[ 2025-05-07 10:06:43,333 ] 1026 httpx - INFO - HTTP Request: POST https://generativelanguage.googleapis.com/v1beta/chat/completions "HTTP/1.1 200 OK"
[ 2025-05-07 10:07:12,040 ] 1026 httpx - INFO - HTTP Request: POST https://generativelanguage.googleapis.com/v1beta/chat/completions "HTTP/1.1 200 OK"
[ 2025-05-07 10:07:39,619 ] 1026 httpx - INFO - HTTP Request: POST https://generativelanguage.googleapis.com/v1beta/chat/completions "HTTP/1.1 200 OK"
[ 2025-05-07 10:07:56,789 ] 1026 httpx - INFO - HTTP Request: POST https://generativelanguage.googleapis.com/v1beta/chat/completions "HTTP/1.1 200 OK"
[ 2025-05-07 10:08:05,142 ] 1026 httpx - INFO - HTTP Request: POST https://generativelanguage.googleapis.com/v1beta/chat/completions "HTTP/1.1 200 OK"
[ 2025-05-07 10:08:30,482 ] 1026 httpx - INFO - HTTP Request: POST https://generativelanguage.googleapis.com/v1beta/chat/completions "HTTP/1.1 200 OK"
[ 2025-05-07 10:08:59,490 ] 1026 httpx - INFO - HTTP Request: POST https://generativelanguage.googleapis.com/v1beta/chat/completions "HTTP/1.1 200 OK"
[ 2025-05-07 10:09:25,463 ] 1026 httpx - INFO - HTTP Request: POST https://generativelanguage.googleapis.com/v1beta/chat/completions "HTTP/1.1 200 OK"
[ 2025-05-07 10:09:27,681 ] 1026 httpx - INFO - HTTP Request: POST https://generativelanguage.googleapis.com/v1beta/chat/completions "HTTP/1.1 200 OK"
[ 2025-05-07 10:09:32,537 ] 1026 httpx - INFO - HTTP Request: POST https://generativelanguage.googleapis.com/v1beta/chat/completions "HTTP/1.1 200 OK"
[ 2025-05-07 10:09:36,510 ] 1026 httpx - INFO - HTTP Request: POST https://generativelanguage.googleapis.com/v1beta/chat/completions "HTTP/1.1 200 OK"
[ 2025-05-07 10:09:41,479 ] 1026 httpx - INFO - HTTP Request: POST https://generativelanguage.googleapis.com/v1beta/chat/completions "HTTP/1.1 200 OK"
[ 2025-05-07 10:09:45,377 ] 1026 httpx - INFO - HTTP Request: POST https://generativelanguage.googleapis.com/v1beta/chat/completions "HTTP/1.1 200 OK"
[ 2025-05-07 10:09:52,511 ] 1026 httpx - INFO - HTTP Request: POST https://generativelanguage.googleapis.com/v1beta/chat/completions "HTTP/1.1 200 OK"
[ 2025-05-07 10:10:06,957 ] 1026 httpx - INFO - HTTP Request: POST https://generativelanguage.googleapis.com/v1beta/chat/completions "HTTP/1.1 200 OK"
[ 2025-05-07 10:10:21,248 ] 1026 httpx - INFO - HTTP Request: POST https://generativelanguage.googleapis.com/v1beta/chat/completions "HTTP/1.1 200 OK"
[ 2025-05-07 10:10:36,832 ] 1026 httpx - INFO - HTTP Request: POST https://generativelanguage.googleapis.com/v1beta/chat/completions "HTTP/1.1 200 OK"
[ 2025-05-07 10:10:51,564 ] 1026 httpx - INFO - HTTP Request: POST https://generativelanguage.googleapis.com/v1beta/chat/completions "HTTP/1.1 200 OK"
[ 2025-05-07 10:11:05,000 ] 1026 httpx - INFO - HTTP Request: POST https://generativelanguage.googleapis.com/v1beta/chat/completions "HTTP/1.1 200 OK"
[ 2025-05-07 10:11:19,171 ] 1026 httpx - INFO - HTTP Request: POST https://generativelanguage.googleapis.com/v1beta/chat/completions "HTTP/1.1 200 OK"
[ 2025-05-07 10:11:32,068 ] 1026 httpx - INFO - HTTP Request: POST https://generativelanguage.googleapis.com/v1beta/chat/completions "HTTP/1.1 200 OK"
[ 2025-05-07 10:11:46,667 ] 1026 httpx - INFO - HTTP Request: POST https://generativelanguage.googleapis.com/v1beta/chat/completions "HTTP/1.1 200 OK"
[ 2025-05-07 10:12:00,856 ] 1026 httpx - INFO - HTTP Request: POST https://generativelanguage.googleapis.com/v1beta/chat/completions "HTTP/1.1 200 OK"
[ 2025-05-07 10:12:15,755 ] 1026 httpx - INFO - HTTP Request: POST https://generativelanguage.googleapis.com/v1beta/chat/completions "HTTP/1.1 200 OK"
[ 2025-05-07 10:12:29,179 ] 1026 httpx - INFO - HTTP Request: POST https://generativelanguage.googleapis.com/v1beta/chat/completions "HTTP/1.1 200 OK"
[ 2025-05-07 10:12:42,417 ] 1026 httpx - INFO - HTTP Request: POST https://generativelanguage.googleapis.com/v1beta/chat/completions "HTTP/1.1 200 OK"
[ 2025-05-07 10:12:55,407 ] 1026 httpx - INFO - HTTP Request: POST https://generativelanguage.googleapis.com/v1beta/chat/completions "HTTP/1.1 200 OK"
[ 2025-05-07 10:13:09,889 ] 1026 httpx - INFO - HTTP Request: POST https://generativelanguage.googleapis.com/v1beta/chat/completions "HTTP/1.1 200 OK"
[ 2025-05-07 10:13:23,879 ] 1026 httpx - INFO - HTTP Request: POST https://generativelanguage.googleapis.com/v1beta/chat/completions "HTTP/1.1 200 OK"
[ 2025-05-07 10:13:37,468 ] 1026 httpx - INFO - HTTP Request: POST https://generativelanguage.googleapis.com/v1beta/chat/completions "HTTP/1.1 200 OK"
[ 2025-05-07 10:13:50,841 ] 1026 httpx - INFO - HTTP Request: POST https://generativelanguage.googleapis.com/v1beta/chat/completions "HTTP/1.1 200 OK"
[ 2025-05-07 10:14:06,951 ] 1026 httpx - INFO - HTTP Request: POST https://generativelanguage.googleapis.com/v1beta/chat/completions "HTTP/1.1 200 OK"
[ 2025-05-07 10:14:19,294 ] 1026 httpx - INFO - HTTP Request: POST https://generativelanguage.googleapis.com/v1beta/chat/completions "HTTP/1.1 200 OK"
[ 2025-05-07 10:14:28,259 ] 1026 httpx - INFO - HTTP Request: POST https://generativelanguage.googleapis.com/v1beta/chat/completions "HTTP/1.1 200 OK"
[ 2025-05-07 10:14:40,834 ] 1026 httpx - INFO - HTTP Request: POST https://generativelanguage.googleapis.com/v1beta/chat/completions "HTTP/1.1 200 OK"
[ 2025-05-07 10:14:59,997 ] 1026 httpx - INFO - HTTP Request: POST https://generativelanguage.googleapis.com/v1beta/chat/completions "HTTP/1.1 200 OK"
[ 2025-05-07 10:15:19,063 ] 1026 httpx - INFO - HTTP Request: POST https://generativelanguage.googleapis.com/v1beta/chat/completions "HTTP/1.1 200 OK"
[ 2025-05-07 10:15:32,638 ] 1026 httpx - INFO - HTTP Request: POST https://generativelanguage.googleapis.com/v1beta/chat/completions "HTTP/1.1 200 OK"
[ 2025-05-07 10:15:47,925 ] 1026 httpx - INFO - HTTP Request: POST https://generativelanguage.googleapis.com/v1beta/chat/completions "HTTP/1.1 200 OK"
[ 2025-05-07 10:15:54,308 ] 1026 httpx - INFO - HTTP Request: POST https://generativelanguage.googleapis.com/v1beta/chat/completions "HTTP/1.1 200 OK"
[ 2025-05-07 10:16:14,468 ] 1026 httpx - INFO - HTTP Request: POST https://generativelanguage.googleapis.com/v1beta/chat/completions "HTTP/1.1 200 OK"
[ 2025-05-07 10:16:30,997 ] 1026 httpx - INFO - HTTP Request: POST https://generativelanguage.googleapis.com/v1beta/chat/completions "HTTP/1.1 200 OK"
[ 2025-05-07 10:16:49,379 ] 1026 httpx - INFO - HTTP Request: POST https://generativelanguage.googleapis.com/v1beta/chat/completions "HTTP/1.1 200 OK"
[ 2025-05-07 10:17:05,347 ] 1026 httpx - INFO - HTTP Request: POST https://generativelanguage.googleapis.com/v1beta/chat/completions "HTTP/1.1 200 OK"
[ 2025-05-07 10:17:22,014 ] 1026 httpx - INFO - HTTP Request: POST https://generativelanguage.googleapis.com/v1beta/chat/completions "HTTP/1.1 200 OK"
[ 2025-05-07 10:17:38,342 ] 1026 httpx - INFO - HTTP Request: POST https://generativelanguage.googleapis.com/v1beta/chat/completions "HTTP/1.1 200 OK"
[ 2025-05-07 10:18:00,727 ] 1026 httpx - INFO - HTTP Request: POST https://generativelanguage.googleapis.com/v1beta/chat/completions "HTTP/1.1 200 OK"
[ 2025-05-07 10:18:24,166 ] 1026 httpx - INFO - HTTP Request: POST https://generativelanguage.googleapis.com/v1beta/chat/completions "HTTP/1.1 200 OK"
[ 2025-05-07 10:18:40,547 ] 1026 httpx - INFO - HTTP Request: POST https://generativelanguage.googleapis.com/v1beta/chat/completions "HTTP/1.1 200 OK"
[ 2025-05-07 10:18:54,791 ] 1026 httpx - INFO - HTTP Request: POST https://generativelanguage.googleapis.com/v1beta/chat/completions "HTTP/1.1 200 OK"
[ 2025-05-07 10:19:03,135 ] 1026 httpx - INFO - HTTP Request: POST https://generativelanguage.googleapis.com/v1beta/chat/completions "HTTP/1.1 200 OK"
[ 2025-05-07 10:19:18,544 ] 1026 httpx - INFO - HTTP Request: POST https://generativelanguage.googleapis.com/v1beta/chat/completions "HTTP/1.1 200 OK"
[ 2025-05-07 10:19:31,664 ] 1026 httpx - INFO - HTTP Request: POST https://generativelanguage.googleapis.com/v1beta/chat/completions "HTTP/1.1 200 OK"
[ 2025-05-07 10:19:36,537 ] 1026 httpx - INFO - HTTP Request: POST https://generativelanguage.googleapis.com/v1beta/chat/completions "HTTP/1.1 200 OK"
[ 2025-05-07 10:19:43,319 ] 1026 httpx - INFO - HTTP Request: POST https://generativelanguage.googleapis.com/v1beta/chat/completions "HTTP/1.1 200 OK"
[ 2025-05-07 10:19:48,644 ] 1026 httpx - INFO - HTTP Request: POST https://generativelanguage.googleapis.com/v1beta/chat/completions "HTTP/1.1 200 OK"
[ 2025-05-07 10:19:57,581 ] 1026 httpx - INFO - HTTP Request: POST https://generativelanguage.googleapis.com/v1beta/chat/completions "HTTP/1.1 200 OK"
[ 2025-05-07 10:20:03,321 ] 1026 httpx - INFO - HTTP Request: POST https://generativelanguage.googleapis.com/v1beta/chat/completions "HTTP/1.1 200 OK"
[ 2025-05-07 10:20:11,374 ] 1026 httpx - INFO - HTTP Request: POST https://generativelanguage.googleapis.com/v1beta/chat/completions "HTTP/1.1 200 OK"
[ 2025-05-07 10:20:19,094 ] 1026 httpx - INFO - HTTP Request: POST https://generativelanguage.googleapis.com/v1beta/chat/completions "HTTP/1.1 200 OK"
[ 2025-05-07 10:20:25,316 ] 1026 httpx - INFO - HTTP Request: POST https://generativelanguage.googleapis.com/v1beta/chat/completions "HTTP/1.1 200 OK"
[ 2025-05-07 10:20:26,100 ] 1026 httpx - INFO - HTTP Request: POST https://generativelanguage.googleapis.com/v1beta/chat/completions "HTTP/1.1 200 OK"
[ 2025-05-07 10:20:30,542 ] 1026 httpx - INFO - HTTP Request: POST https://generativelanguage.googleapis.com/v1beta/chat/completions "HTTP/1.1 200 OK"
[ 2025-05-07 10:20:31,562 ] 1026 httpx - INFO - HTTP Request: POST https://generativelanguage.googleapis.com/v1beta/chat/completions "HTTP/1.1 200 OK"
[ 2025-05-07 10:20:36,252 ] 1026 httpx - INFO - HTTP Request: POST https://generativelanguage.googleapis.com/v1beta/chat/completions "HTTP/1.1 200 OK"
[ 2025-05-07 10:20:37,092 ] 1026 httpx - INFO - HTTP Request: POST https://generativelanguage.googleapis.com/v1beta/chat/completions "HTTP/1.1 200 OK"
[ 2025-05-07 10:20:42,325 ] 1026 httpx - INFO - HTTP Request: POST https://generativelanguage.googleapis.com/v1beta/chat/completions "HTTP/1.1 200 OK"
[ 2025-05-07 10:20:54,562 ] 1026 httpx - INFO - HTTP Request: POST https://generativelanguage.googleapis.com/v1beta/chat/completions "HTTP/1.1 200 OK"
[ 2025-05-07 10:21:09,542 ] 1026 httpx - INFO - HTTP Request: POST https://generativelanguage.googleapis.com/v1beta/chat/completions "HTTP/1.1 200 OK"
[ 2025-05-07 10:21:12,457 ] 1026 httpx - INFO - HTTP Request: POST https://generativelanguage.googleapis.com/v1beta/chat/completions "HTTP/1.1 200 OK"
[ 2025-05-07 10:21:16,131 ] 1026 httpx - INFO - HTTP Request: POST https://generativelanguage.googleapis.com/v1beta/chat/completions "HTTP/1.1 200 OK"
[ 2025-05-07 10:21:20,034 ] 1026 httpx - INFO - HTTP Request: POST https://generativelanguage.googleapis.com/v1beta/chat/completions "HTTP/1.1 200 OK"
[ 2025-05-07 10:21:24,736 ] 1026 httpx - INFO - HTTP Request: POST https://generativelanguage.googleapis.com/v1beta/chat/completions "HTTP/1.1 200 OK"
[ 2025-05-07 10:21:39,438 ] 1026 httpx - INFO - HTTP Request: POST https://generativelanguage.googleapis.com/v1beta/chat/completions "HTTP/1.1 200 OK"
[ 2025-05-07 10:21:46,546 ] 1026 httpx - INFO - HTTP Request: POST https://generativelanguage.googleapis.com/v1beta/chat/completions "HTTP/1.1 200 OK"
[ 2025-05-07 10:21:51,302 ] 1026 httpx - INFO - HTTP Request: POST https://generativelanguage.googleapis.com/v1beta/chat/completions "HTTP/1.1 200 OK"
[ 2025-05-07 10:22:05,778 ] 1026 httpx - INFO - HTTP Request: POST https://generativelanguage.googleapis.com/v1beta/chat/completions "HTTP/1.1 200 OK"
[ 2025-05-07 10:22:12,868 ] 1026 httpx - INFO - HTTP Request: POST https://generativelanguage.googleapis.com/v1beta/chat/completions "HTTP/1.1 200 OK"
[ 2025-05-07 10:22:18,293 ] 1026 httpx - INFO - HTTP Request: POST https://generativelanguage.googleapis.com/v1beta/chat/completions "HTTP/1.1 200 OK"
[ 2025-05-07 10:22:32,998 ] 1026 httpx - INFO - HTTP Request: POST https://generativelanguage.googleapis.com/v1beta/chat/completions "HTTP/1.1 200 OK"
[ 2025-05-07 10:22:44,686 ] 1026 httpx - INFO - HTTP Request: POST https://generativelanguage.googleapis.com/v1beta/chat/completions "HTTP/1.1 200 OK"
[ 2025-05-07 10:22:50,177 ] 1026 httpx - INFO - HTTP Request: POST https://generativelanguage.googleapis.com/v1beta/chat/completions "HTTP/1.1 200 OK"
[ 2025-05-07 10:23:04,894 ] 1026 httpx - INFO - HTTP Request: POST https://generativelanguage.googleapis.com/v1beta/chat/completions "HTTP/1.1 200 OK"
[ 2025-05-07 10:23:16,607 ] 1026 httpx - INFO - HTTP Request: POST https://generativelanguage.googleapis.com/v1beta/chat/completions "HTTP/1.1 200 OK"
[ 2025-05-07 10:23:21,332 ] 1026 httpx - INFO - HTTP Request: POST https://generativelanguage.googleapis.com/v1beta/chat/completions "HTTP/1.1 200 OK"
[ 2025-05-07 10:23:32,732 ] 1026 httpx - INFO - HTTP Request: POST https://generativelanguage.googleapis.com/v1beta/chat/completions "HTTP/1.1 200 OK"
[ 2025-05-07 10:23:37,488 ] 1026 httpx - INFO - HTTP Request: POST https://generativelanguage.googleapis.com/v1beta/chat/completions "HTTP/1.1 200 OK"
[ 2025-05-07 10:23:48,859 ] 1026 httpx - INFO - HTTP Request: POST https://generativelanguage.googleapis.com/v1beta/chat/completions "HTTP/1.1 200 OK"
[ 2025-05-07 10:23:53,463 ] 1026 httpx - INFO - HTTP Request: POST https://generativelanguage.googleapis.com/v1beta/chat/completions "HTTP/1.1 200 OK"
[ 2025-05-07 10:23:55,586 ] 1026 httpx - INFO - HTTP Request: POST https://generativelanguage.googleapis.com/v1beta/chat/completions "HTTP/1.1 200 OK"
[ 2025-05-07 10:24:00,324 ] 1026 httpx - INFO - HTTP Request: POST https://generativelanguage.googleapis.com/v1beta/chat/completions "HTTP/1.1 200 OK"
[ 2025-05-07 10:24:01,948 ] 1026 httpx - INFO - HTTP Request: POST https://generativelanguage.googleapis.com/v1beta/chat/completions "HTTP/1.1 200 OK"
[ 2025-05-07 10:24:06,750 ] 1026 httpx - INFO - HTTP Request: POST https://generativelanguage.googleapis.com/v1beta/chat/completions "HTTP/1.1 200 OK"
[ 2025-05-07 10:24:08,902 ] 1026 httpx - INFO - HTTP Request: POST https://generativelanguage.googleapis.com/v1beta/chat/completions "HTTP/1.1 200 OK"
[ 2025-05-07 10:24:14,983 ] 1026 httpx - INFO - HTTP Request: POST https://generativelanguage.googleapis.com/v1beta/chat/completions "HTTP/1.1 200 OK"
[ 2025-05-07 10:24:16,606 ] 1026 httpx - INFO - HTTP Request: POST https://generativelanguage.googleapis.com/v1beta/chat/completions "HTTP/1.1 200 OK"
[ 2025-05-07 10:24:21,849 ] 1026 httpx - INFO - HTTP Request: POST https://generativelanguage.googleapis.com/v1beta/chat/completions "HTTP/1.1 200 OK"
[ 2025-05-07 10:24:34,972 ] 1026 httpx - INFO - HTTP Request: POST https://generativelanguage.googleapis.com/v1beta/chat/completions "HTTP/1.1 200 OK"
[ 2025-05-07 10:24:42,014 ] 1026 httpx - INFO - HTTP Request: POST https://generativelanguage.googleapis.com/v1beta/chat/completions "HTTP/1.1 200 OK"
[ 2025-05-07 10:24:46,812 ] 1026 httpx - INFO - HTTP Request: POST https://generativelanguage.googleapis.com/v1beta/chat/completions "HTTP/1.1 200 OK"
[ 2025-05-07 10:24:55,673 ] 1026 httpx - INFO - HTTP Request: POST https://generativelanguage.googleapis.com/v1beta/chat/completions "HTTP/1.1 200 OK"
[ 2025-05-07 10:25:00,534 ] 1026 httpx - INFO - HTTP Request: POST https://generativelanguage.googleapis.com/v1beta/chat/completions "HTTP/1.1 200 OK"
[ 2025-05-07 10:25:13,785 ] 1026 httpx - INFO - HTTP Request: POST https://generativelanguage.googleapis.com/v1beta/chat/completions "HTTP/1.1 200 OK"
[ 2025-05-07 10:25:20,942 ] 1026 httpx - INFO - HTTP Request: POST https://generativelanguage.googleapis.com/v1beta/chat/completions "HTTP/1.1 200 OK"
[ 2025-05-07 10:25:25,545 ] 1026 httpx - INFO - HTTP Request: POST https://generativelanguage.googleapis.com/v1beta/chat/completions "HTTP/1.1 200 OK"
[ 2025-05-07 10:25:34,844 ] 1026 httpx - INFO - HTTP Request: POST https://generativelanguage.googleapis.com/v1beta/chat/completions "HTTP/1.1 200 OK"
[ 2025-05-07 10:25:39,605 ] 1026 httpx - INFO - HTTP Request: POST https://generativelanguage.googleapis.com/v1beta/chat/completions "HTTP/1.1 200 OK"
[ 2025-05-07 10:25:43,046 ] 1026 httpx - INFO - HTTP Request: POST https://generativelanguage.googleapis.com/v1beta/chat/completions "HTTP/1.1 200 OK"
[ 2025-05-07 10:25:47,930 ] 1026 httpx - INFO - HTTP Request: POST https://generativelanguage.googleapis.com/v1beta/chat/completions "HTTP/1.1 200 OK"
[ 2025-05-07 10:25:57,364 ] 1026 httpx - INFO - HTTP Request: POST https://generativelanguage.googleapis.com/v1beta/chat/completions "HTTP/1.1 200 OK"
[ 2025-05-07 10:26:01,844 ] 1026 httpx - INFO - HTTP Request: POST https://generativelanguage.googleapis.com/v1beta/chat/completions "HTTP/1.1 200 OK"
[ 2025-05-07 10:26:05,563 ] 1026 httpx - INFO - HTTP Request: POST https://generativelanguage.googleapis.com/v1beta/chat/completions "HTTP/1.1 200 OK"
[ 2025-05-07 10:26:11,086 ] 1026 httpx - INFO - HTTP Request: POST https://generativelanguage.googleapis.com/v1beta/chat/completions "HTTP/1.1 200 OK"
[ 2025-05-07 10:26:24,236 ] 1026 httpx - INFO - HTTP Request: POST https://generativelanguage.googleapis.com/v1beta/chat/completions "HTTP/1.1 200 OK"
[ 2025-05-07 10:26:28,883 ] 1026 httpx - INFO - HTTP Request: POST https://generativelanguage.googleapis.com/v1beta/chat/completions "HTTP/1.1 200 OK"
[ 2025-05-07 10:26:37,636 ] 1026 httpx - INFO - HTTP Request: POST https://generativelanguage.googleapis.com/v1beta/chat/completions "HTTP/1.1 200 OK"
[ 2025-05-07 10:26:43,650 ] 1026 httpx - INFO - HTTP Request: POST https://generativelanguage.googleapis.com/v1beta/chat/completions "HTTP/1.1 200 OK"
[ 2025-05-07 10:26:56,736 ] 1026 httpx - INFO - HTTP Request: POST https://generativelanguage.googleapis.com/v1beta/chat/completions "HTTP/1.1 200 OK"
[ 2025-05-07 10:27:15,772 ] 1026 httpx - INFO - HTTP Request: POST https://generativelanguage.googleapis.com/v1beta/chat/completions "HTTP/1.1 200 OK"
[ 2025-05-07 10:27:30,818 ] 1026 httpx - INFO - HTTP Request: POST https://generativelanguage.googleapis.com/v1beta/chat/completions "HTTP/1.1 200 OK"
[ 2025-05-07 10:27:45,265 ] 1026 httpx - INFO - HTTP Request: POST https://generativelanguage.googleapis.com/v1beta/chat/completions "HTTP/1.1 200 OK"
[ 2025-05-07 10:28:01,618 ] 1026 httpx - INFO - HTTP Request: POST https://generativelanguage.googleapis.com/v1beta/chat/completions "HTTP/1.1 200 OK"
[ 2025-05-07 10:28:16,196 ] 1026 httpx - INFO - HTTP Request: POST https://generativelanguage.googleapis.com/v1beta/chat/completions "HTTP/1.1 200 OK"
[ 2025-05-07 10:28:30,701 ] 1026 httpx - INFO - HTTP Request: POST https://generativelanguage.googleapis.com/v1beta/chat/completions "HTTP/1.1 200 OK"
[ 2025-05-07 10:28:46,453 ] 1026 httpx - INFO - HTTP Request: POST https://generativelanguage.googleapis.com/v1beta/chat/completions "HTTP/1.1 200 OK"
[ 2025-05-07 10:28:54,076 ] 1026 httpx - INFO - HTTP Request: POST https://generativelanguage.googleapis.com/v1beta/chat/completions "HTTP/1.1 200 OK"
[ 2025-05-07 10:29:13,307 ] 1026 httpx - INFO - HTTP Request: POST https://generativelanguage.googleapis.com/v1beta/chat/completions "HTTP/1.1 200 OK"
[ 2025-05-07 10:29:33,380 ] 1026 httpx - INFO - HTTP Request: POST https://generativelanguage.googleapis.com/v1beta/chat/completions "HTTP/1.1 200 OK"
[ 2025-05-07 10:29:52,004 ] 1026 httpx - INFO - HTTP Request: POST https://generativelanguage.googleapis.com/v1beta/chat/completions "HTTP/1.1 200 OK"
[ 2025-05-07 10:30:11,263 ] 1026 httpx - INFO - HTTP Request: POST https://generativelanguage.googleapis.com/v1beta/chat/completions "HTTP/1.1 200 OK"
[ 2025-05-07 10:30:20,692 ] 1026 httpx - INFO - HTTP Request: POST https://generativelanguage.googleapis.com/v1beta/chat/completions "HTTP/1.1 200 OK"
[ 2025-05-07 10:30:25,780 ] 1026 httpx - INFO - HTTP Request: POST https://generativelanguage.googleapis.com/v1beta/chat/completions "HTTP/1.1 200 OK"
[ 2025-05-07 10:30:39,728 ] 1026 httpx - INFO - HTTP Request: POST https://generativelanguage.googleapis.com/v1beta/chat/completions "HTTP/1.1 200 OK"
[ 2025-05-07 10:30:44,923 ] 1026 httpx - INFO - HTTP Request: POST https://generativelanguage.googleapis.com/v1beta/chat/completions "HTTP/1.1 200 OK"
[ 2025-05-07 10:30:47,597 ] 1026 httpx - INFO - HTTP Request: POST https://generativelanguage.googleapis.com/v1beta/chat/completions "HTTP/1.1 200 OK"
[ 2025-05-07 10:30:52,493 ] 1026 httpx - INFO - HTTP Request: POST https://generativelanguage.googleapis.com/v1beta/chat/completions "HTTP/1.1 200 OK"
[ 2025-05-07 10:31:09,209 ] 1026 httpx - INFO - HTTP Request: POST https://generativelanguage.googleapis.com/v1beta/chat/completions "HTTP/1.1 200 OK"
[ 2025-05-07 10:31:25,946 ] 1026 httpx - INFO - HTTP Request: POST https://generativelanguage.googleapis.com/v1beta/chat/completions "HTTP/1.1 200 OK"
[ 2025-05-07 10:31:34,858 ] 1026 httpx - INFO - HTTP Request: POST https://generativelanguage.googleapis.com/v1beta/chat/completions "HTTP/1.1 200 OK"
[ 2025-05-07 10:31:39,838 ] 1026 httpx - INFO - HTTP Request: POST https://generativelanguage.googleapis.com/v1beta/chat/completions "HTTP/1.1 200 OK"
[ 2025-05-07 10:31:56,311 ] 1026 httpx - INFO - HTTP Request: POST https://generativelanguage.googleapis.com/v1beta/chat/completions "HTTP/1.1 200 OK"
[ 2025-05-07 10:32:13,962 ] 1026 httpx - INFO - HTTP Request: POST https://generativelanguage.googleapis.com/v1beta/chat/completions "HTTP/1.1 200 OK"
[ 2025-05-07 10:32:29,870 ] 1026 httpx - INFO - HTTP Request: POST https://generativelanguage.googleapis.com/v1beta/chat/completions "HTTP/1.1 200 OK"
[ 2025-05-07 10:32:33,881 ] 1026 httpx - INFO - HTTP Request: POST https://generativelanguage.googleapis.com/v1beta/chat/completions "HTTP/1.1 200 OK"
[ 2025-05-07 10:32:40,316 ] 1026 httpx - INFO - HTTP Request: POST https://generativelanguage.googleapis.com/v1beta/chat/completions "HTTP/1.1 200 OK"
[ 2025-05-07 10:32:51,809 ] 1026 httpx - INFO - HTTP Request: POST https://generativelanguage.googleapis.com/v1beta/chat/completions "HTTP/1.1 200 OK"
[ 2025-05-07 10:32:55,488 ] 1026 httpx - INFO - HTTP Request: POST https://generativelanguage.googleapis.com/v1beta/chat/completions "HTTP/1.1 200 OK"
[ 2025-05-07 10:33:01,777 ] 1026 httpx - INFO - HTTP Request: POST https://generativelanguage.googleapis.com/v1beta/chat/completions "HTTP/1.1 200 OK"
[ 2025-05-07 10:33:03,864 ] 1026 httpx - INFO - HTTP Request: POST https://generativelanguage.googleapis.com/v1beta/chat/completions "HTTP/1.1 200 OK"
[ 2025-05-07 10:33:14,618 ] 1026 httpx - INFO - HTTP Request: POST https://generativelanguage.googleapis.com/v1beta/chat/completions "HTTP/1.1 200 OK"
[ 2025-05-07 10:33:30,078 ] 1026 httpx - INFO - HTTP Request: POST https://generativelanguage.googleapis.com/v1beta/chat/completions "HTTP/1.1 200 OK"
[ 2025-05-07 10:33:41,908 ] 1026 httpx - INFO - HTTP Request: POST https://generativelanguage.googleapis.com/v1beta/chat/completions "HTTP/1.1 200 OK"
[ 2025-05-07 10:33:56,074 ] 1026 httpx - INFO - HTTP Request: POST https://generativelanguage.googleapis.com/v1beta/chat/completions "HTTP/1.1 200 OK"
[ 2025-05-07 10:34:12,755 ] 1026 httpx - INFO - HTTP Request: POST https://generativelanguage.googleapis.com/v1beta/chat/completions "HTTP/1.1 200 OK"
[ 2025-05-07 10:34:27,515 ] 1026 httpx - INFO - HTTP Request: POST https://generativelanguage.googleapis.com/v1beta/chat/completions "HTTP/1.1 200 OK"
[ 2025-05-07 10:34:42,226 ] 1026 httpx - INFO - HTTP Request: POST https://generativelanguage.googleapis.com/v1beta/chat/completions "HTTP/1.1 200 OK"
[ 2025-05-07 10:34:57,060 ] 1026 httpx - INFO - HTTP Request: POST https://generativelanguage.googleapis.com/v1beta/chat/completions "HTTP/1.1 200 OK"
[ 2025-05-07 10:35:11,665 ] 1026 httpx - INFO - HTTP Request: POST https://generativelanguage.googleapis.com/v1beta/chat/completions "HTTP/1.1 200 OK"
[ 2025-05-07 10:35:26,262 ] 1026 httpx - INFO - HTTP Request: POST https://generativelanguage.googleapis.com/v1beta/chat/completions "HTTP/1.1 200 OK"
[ 2025-05-07 10:35:39,653 ] 1026 httpx - INFO - HTTP Request: POST https://generativelanguage.googleapis.com/v1beta/chat/completions "HTTP/1.1 200 OK"
[ 2025-05-07 10:35:53,671 ] 1026 httpx - INFO - HTTP Request: POST https://generativelanguage.googleapis.com/v1beta/chat/completions "HTTP/1.1 200 OK"
[ 2025-05-07 10:36:10,739 ] 1026 httpx - INFO - HTTP Request: POST https://generativelanguage.googleapis.com/v1beta/chat/completions "HTTP/1.1 200 OK"
[ 2025-05-07 10:36:29,406 ] 1026 httpx - INFO - HTTP Request: POST https://generativelanguage.googleapis.com/v1beta/chat/completions "HTTP/1.1 200 OK"
[ 2025-05-07 10:36:47,221 ] 1026 httpx - INFO - HTTP Request: POST https://generativelanguage.googleapis.com/v1beta/chat/completions "HTTP/1.1 200 OK"
[ 2025-05-07 10:37:05,074 ] 1026 httpx - INFO - HTTP Request: POST https://generativelanguage.googleapis.com/v1beta/chat/completions "HTTP/1.1 200 OK"
[ 2025-05-07 10:37:20,556 ] 1026 httpx - INFO - HTTP Request: POST https://generativelanguage.googleapis.com/v1beta/chat/completions "HTTP/1.1 200 OK"
[ 2025-05-07 10:37:33,862 ] 1026 httpx - INFO - HTTP Request: POST https://generativelanguage.googleapis.com/v1beta/chat/completions "HTTP/1.1 200 OK"
[ 2025-05-07 10:37:46,668 ] 1026 httpx - INFO - HTTP Request: POST https://generativelanguage.googleapis.com/v1beta/chat/completions "HTTP/1.1 200 OK"
[ 2025-05-07 10:37:59,215 ] 1026 httpx - INFO - HTTP Request: POST https://generativelanguage.googleapis.com/v1beta/chat/completions "HTTP/1.1 200 OK"
[ 2025-05-07 10:38:13,885 ] 1026 httpx - INFO - HTTP Request: POST https://generativelanguage.googleapis.com/v1beta/chat/completions "HTTP/1.1 200 OK"
[ 2025-05-07 10:38:26,676 ] 1026 httpx - INFO - HTTP Request: POST https://generativelanguage.googleapis.com/v1beta/chat/completions "HTTP/1.1 200 OK"
[ 2025-05-07 10:38:40,144 ] 1026 httpx - INFO - HTTP Request: POST https://generativelanguage.googleapis.com/v1beta/chat/completions "HTTP/1.1 200 OK"
[ 2025-05-07 10:38:53,091 ] 1026 httpx - INFO - HTTP Request: POST https://generativelanguage.googleapis.com/v1beta/chat/completions "HTTP/1.1 200 OK"
[ 2025-05-07 10:39:07,092 ] 1026 httpx - INFO - HTTP Request: POST https://generativelanguage.googleapis.com/v1beta/chat/completions "HTTP/1.1 200 OK"
[ 2025-05-07 10:39:20,114 ] 1026 httpx - INFO - HTTP Request: POST https://generativelanguage.googleapis.com/v1beta/chat/completions "HTTP/1.1 200 OK"
[ 2025-05-07 10:39:32,639 ] 1026 httpx - INFO - HTTP Request: POST https://generativelanguage.googleapis.com/v1beta/chat/completions "HTTP/1.1 200 OK"
[ 2025-05-07 10:39:45,002 ] 1026 httpx - INFO - HTTP Request: POST https://generativelanguage.googleapis.com/v1beta/chat/completions "HTTP/1.1 200 OK"
[ 2025-05-07 10:39:58,781 ] 1026 httpx - INFO - HTTP Request: POST https://generativelanguage.googleapis.com/v1beta/chat/completions "HTTP/1.1 200 OK"
[ 2025-05-07 10:40:13,173 ] 1026 httpx - INFO - HTTP Request: POST https://generativelanguage.googleapis.com/v1beta/chat/completions "HTTP/1.1 200 OK"
[ 2025-05-07 10:40:27,255 ] 1026 httpx - INFO - HTTP Request: POST https://generativelanguage.googleapis.com/v1beta/chat/completions "HTTP/1.1 200 OK"
[ 2025-05-07 10:40:39,738 ] 1026 httpx - INFO - HTTP Request: POST https://generativelanguage.googleapis.com/v1beta/chat/completions "HTTP/1.1 200 OK"
[ 2025-05-07 10:40:51,466 ] 1026 httpx - INFO - HTTP Request: POST https://generativelanguage.googleapis.com/v1beta/chat/completions "HTTP/1.1 200 OK"
[ 2025-05-07 10:41:02,927 ] 1026 httpx - INFO - HTTP Request: POST https://generativelanguage.googleapis.com/v1beta/chat/completions "HTTP/1.1 200 OK"
[ 2025-05-07 10:41:16,967 ] 1026 httpx - INFO - HTTP Request: POST https://generativelanguage.googleapis.com/v1beta/chat/completions "HTTP/1.1 200 OK"
[ 2025-05-07 10:41:31,997 ] 1026 httpx - INFO - HTTP Request: POST https://generativelanguage.googleapis.com/v1beta/chat/completions "HTTP/1.1 200 OK"
[ 2025-05-07 10:41:47,700 ] 1026 httpx - INFO - HTTP Request: POST https://generativelanguage.googleapis.com/v1beta/chat/completions "HTTP/1.1 200 OK"
[ 2025-05-07 10:42:02,921 ] 1026 httpx - INFO - HTTP Request: POST https://generativelanguage.googleapis.com/v1beta/chat/completions "HTTP/1.1 200 OK"
[ 2025-05-07 10:42:18,571 ] 1026 httpx - INFO - HTTP Request: POST https://generativelanguage.googleapis.com/v1beta/chat/completions "HTTP/1.1 200 OK"
[ 2025-05-07 10:42:33,470 ] 1026 httpx - INFO - HTTP Request: POST https://generativelanguage.googleapis.com/v1beta/chat/completions "HTTP/1.1 200 OK"
[ 2025-05-07 10:42:50,435 ] 1026 httpx - INFO - HTTP Request: POST https://generativelanguage.googleapis.com/v1beta/chat/completions "HTTP/1.1 200 OK"
[ 2025-05-07 10:43:05,259 ] 1026 httpx - INFO - HTTP Request: POST https://generativelanguage.googleapis.com/v1beta/chat/completions "HTTP/1.1 200 OK"
[ 2025-05-07 10:43:21,176 ] 1026 httpx - INFO - HTTP Request: POST https://generativelanguage.googleapis.com/v1beta/chat/completions "HTTP/1.1 200 OK"
[ 2025-05-07 10:43:37,910 ] 1026 httpx - INFO - HTTP Request: POST https://generativelanguage.googleapis.com/v1beta/chat/completions "HTTP/1.1 200 OK"
[ 2025-05-07 10:43:53,506 ] 1026 httpx - INFO - HTTP Request: POST https://generativelanguage.googleapis.com/v1beta/chat/completions "HTTP/1.1 200 OK"
[ 2025-05-07 10:44:08,409 ] 1026 httpx - INFO - HTTP Request: POST https://generativelanguage.googleapis.com/v1beta/chat/completions "HTTP/1.1 200 OK"
[ 2025-05-07 10:44:23,703 ] 1026 httpx - INFO - HTTP Request: POST https://generativelanguage.googleapis.com/v1beta/chat/completions "HTTP/1.1 200 OK"
[ 2025-05-07 10:44:38,489 ] 1026 httpx - INFO - HTTP Request: POST https://generativelanguage.googleapis.com/v1beta/chat/completions "HTTP/1.1 200 OK"
[ 2025-05-07 10:44:53,230 ] 1026 httpx - INFO - HTTP Request: POST https://generativelanguage.googleapis.com/v1beta/chat/completions "HTTP/1.1 200 OK"
[ 2025-05-07 10:45:08,143 ] 1026 httpx - INFO - HTTP Request: POST https://generativelanguage.googleapis.com/v1beta/chat/completions "HTTP/1.1 200 OK"
[ 2025-05-07 10:45:22,873 ] 1026 httpx - INFO - HTTP Request: POST https://generativelanguage.googleapis.com/v1beta/chat/completions "HTTP/1.1 200 OK"
[ 2025-05-07 10:45:37,806 ] 1026 httpx - INFO - HTTP Request: POST https://generativelanguage.googleapis.com/v1beta/chat/completions "HTTP/1.1 200 OK"
[ 2025-05-07 10:45:53,067 ] 1026 httpx - INFO - HTTP Request: POST https://generativelanguage.googleapis.com/v1beta/chat/completions "HTTP/1.1 200 OK"
[ 2025-05-07 10:46:07,673 ] 1026 httpx - INFO - HTTP Request: POST https://generativelanguage.googleapis.com/v1beta/chat/completions "HTTP/1.1 200 OK"
[ 2025-05-07 10:46:24,354 ] 1026 httpx - INFO - HTTP Request: POST https://generativelanguage.googleapis.com/v1beta/chat/completions "HTTP/1.1 200 OK"
[ 2025-05-07 10:46:39,608 ] 1026 httpx - INFO - HTTP Request: POST https://generativelanguage.googleapis.com/v1beta/chat/completions "HTTP/1.1 200 OK"
[ 2025-05-07 10:46:56,117 ] 1026 httpx - INFO - HTTP Request: POST https://generativelanguage.googleapis.com/v1beta/chat/completions "HTTP/1.1 200 OK"
[ 2025-05-07 10:47:11,406 ] 1026 httpx - INFO - HTTP Request: POST https://generativelanguage.googleapis.com/v1beta/chat/completions "HTTP/1.1 200 OK"
[ 2025-05-07 10:47:27,063 ] 1026 httpx - INFO - HTTP Request: POST https://generativelanguage.googleapis.com/v1beta/chat/completions "HTTP/1.1 200 OK"
[ 2025-05-07 10:47:42,474 ] 1026 httpx - INFO - HTTP Request: POST https://generativelanguage.googleapis.com/v1beta/chat/completions "HTTP/1.1 200 OK"
[ 2025-05-07 10:47:57,025 ] 1026 httpx - INFO - HTTP Request: POST https://generativelanguage.googleapis.com/v1beta/chat/completions "HTTP/1.1 200 OK"
[ 2025-05-07 10:48:12,517 ] 1026 httpx - INFO - HTTP Request: POST https://generativelanguage.googleapis.com/v1beta/chat/completions "HTTP/1.1 200 OK"
[ 2025-05-07 10:48:29,660 ] 1026 httpx - INFO - HTTP Request: POST https://generativelanguage.googleapis.com/v1beta/chat/completions "HTTP/1.1 200 OK"
[ 2025-05-07 10:48:44,991 ] 1026 httpx - INFO - HTTP Request: POST https://generativelanguage.googleapis.com/v1beta/chat/completions "HTTP/1.1 200 OK"
[ 2025-05-07 10:49:00,884 ] 1026 httpx - INFO - HTTP Request: POST https://generativelanguage.googleapis.com/v1beta/chat/completions "HTTP/1.1 200 OK"
[ 2025-05-07 10:49:17,071 ] 1026 httpx - INFO - HTTP Request: POST https://generativelanguage.googleapis.com/v1beta/chat/completions "HTTP/1.1 200 OK"
[ 2025-05-07 10:49:33,956 ] 1026 httpx - INFO - HTTP Request: POST https://generativelanguage.googleapis.com/v1beta/chat/completions "HTTP/1.1 200 OK"
[ 2025-05-07 10:49:50,567 ] 1026 httpx - INFO - HTTP Request: POST https://generativelanguage.googleapis.com/v1beta/chat/completions "HTTP/1.1 200 OK"
[ 2025-05-07 10:50:10,176 ] 1026 httpx - INFO - HTTP Request: POST https://generativelanguage.googleapis.com/v1beta/chat/completions "HTTP/1.1 200 OK"
[ 2025-05-07 10:50:19,041 ] 1026 httpx - INFO - HTTP Request: POST https://generativelanguage.googleapis.com/v1beta/chat/completions "HTTP/1.1 200 OK"
[ 2025-05-07 10:50:25,199 ] 1026 httpx - INFO - HTTP Request: POST https://generativelanguage.googleapis.com/v1beta/chat/completions "HTTP/1.1 200 OK"
[ 2025-05-07 10:50:41,311 ] 1026 httpx - INFO - HTTP Request: POST https://generativelanguage.googleapis.com/v1beta/chat/completions "HTTP/1.1 200 OK"
[ 2025-05-07 10:50:49,405 ] 1026 httpx - INFO - HTTP Request: POST https://generativelanguage.googleapis.com/v1beta/chat/completions "HTTP/1.1 200 OK"
[ 2025-05-07 10:51:05,508 ] 1026 httpx - INFO - HTTP Request: POST https://generativelanguage.googleapis.com/v1beta/chat/completions "HTTP/1.1 200 OK"
[ 2025-05-07 10:51:15,120 ] 1026 httpx - INFO - HTTP Request: POST https://generativelanguage.googleapis.com/v1beta/chat/completions "HTTP/1.1 200 OK"
[ 2025-05-07 10:51:21,264 ] 1026 httpx - INFO - HTTP Request: POST https://generativelanguage.googleapis.com/v1beta/chat/completions "HTTP/1.1 200 OK"
[ 2025-05-07 10:51:27,532 ] 1026 httpx - INFO - HTTP Request: POST https://generativelanguage.googleapis.com/v1beta/chat/completions "HTTP/1.1 200 OK"
[ 2025-05-07 10:51:34,403 ] 1026 httpx - INFO - HTTP Request: POST https://generativelanguage.googleapis.com/v1beta/chat/completions "HTTP/1.1 200 OK"
[ 2025-05-07 10:51:47,379 ] 1026 httpx - INFO - HTTP Request: POST https://generativelanguage.googleapis.com/v1beta/chat/completions "HTTP/1.1 200 OK"
[ 2025-05-07 10:51:59,068 ] 1026 httpx - INFO - HTTP Request: POST https://generativelanguage.googleapis.com/v1beta/chat/completions "HTTP/1.1 200 OK"
[ 2025-05-07 10:52:12,714 ] 1026 httpx - INFO - HTTP Request: POST https://generativelanguage.googleapis.com/v1beta/chat/completions "HTTP/1.1 200 OK"
[ 2025-05-07 10:52:26,299 ] 1026 httpx - INFO - HTTP Request: POST https://generativelanguage.googleapis.com/v1beta/chat/completions "HTTP/1.1 200 OK"
[ 2025-05-07 10:52:41,093 ] 1026 httpx - INFO - HTTP Request: POST https://generativelanguage.googleapis.com/v1beta/chat/completions "HTTP/1.1 200 OK"
[ 2025-05-07 10:52:55,233 ] 1026 httpx - INFO - HTTP Request: POST https://generativelanguage.googleapis.com/v1beta/chat/completions "HTTP/1.1 200 OK"
[ 2025-05-07 10:53:08,471 ] 1026 httpx - INFO - HTTP Request: POST https://generativelanguage.googleapis.com/v1beta/chat/completions "HTTP/1.1 200 OK"
[ 2025-05-07 10:53:22,452 ] 1026 httpx - INFO - HTTP Request: POST https://generativelanguage.googleapis.com/v1beta/chat/completions "HTTP/1.1 200 OK"
[ 2025-05-07 10:53:42,175 ] 1026 httpx - INFO - HTTP Request: POST https://generativelanguage.googleapis.com/v1beta/chat/completions "HTTP/1.1 200 OK"
[ 2025-05-07 10:53:58,675 ] 1026 httpx - INFO - HTTP Request: POST https://generativelanguage.googleapis.com/v1beta/chat/completions "HTTP/1.1 200 OK"
[ 2025-05-07 10:54:16,485 ] 1026 httpx - INFO - HTTP Request: POST https://generativelanguage.googleapis.com/v1beta/chat/completions "HTTP/1.1 200 OK"
[ 2025-05-07 10:54:32,886 ] 1026 httpx - INFO - HTTP Request: POST https://generativelanguage.googleapis.com/v1beta/chat/completions "HTTP/1.1 200 OK"
[ 2025-05-07 10:54:49,959 ] 1026 httpx - INFO - HTTP Request: POST https://generativelanguage.googleapis.com/v1beta/chat/completions "HTTP/1.1 200 OK"
[ 2025-05-07 10:55:02,014 ] 1026 httpx - INFO - HTTP Request: POST https://generativelanguage.googleapis.com/v1beta/chat/completions "HTTP/1.1 200 OK"
[ 2025-05-07 10:55:07,527 ] 1026 httpx - INFO - HTTP Request: POST https://generativelanguage.googleapis.com/v1beta/chat/completions "HTTP/1.1 200 OK"
[ 2025-05-07 10:55:16,042 ] 1026 httpx - INFO - HTTP Request: POST https://generativelanguage.googleapis.com/v1beta/chat/completions "HTTP/1.1 200 OK"
[ 2025-05-07 10:55:21,473 ] 1026 httpx - INFO - HTTP Request: POST https://generativelanguage.googleapis.com/v1beta/chat/completions "HTTP/1.1 200 OK"
[ 2025-05-07 10:55:23,714 ] 1026 httpx - INFO - HTTP Request: POST https://generativelanguage.googleapis.com/v1beta/chat/completions "HTTP/1.1 200 OK"
[ 2025-05-07 10:55:37,639 ] 1026 httpx - INFO - HTTP Request: POST https://generativelanguage.googleapis.com/v1beta/chat/completions "HTTP/1.1 200 OK"
[ 2025-05-07 10:55:46,469 ] 1026 httpx - INFO - HTTP Request: POST https://generativelanguage.googleapis.com/v1beta/chat/completions "HTTP/1.1 200 OK"
[ 2025-05-07 10:55:52,432 ] 1026 httpx - INFO - HTTP Request: POST https://generativelanguage.googleapis.com/v1beta/chat/completions "HTTP/1.1 200 OK"
[ 2025-05-07 10:56:09,265 ] 1026 httpx - INFO - HTTP Request: POST https://generativelanguage.googleapis.com/v1beta/chat/completions "HTTP/1.1 200 OK"
[ 2025-05-07 10:56:16,118 ] 1026 httpx - INFO - HTTP Request: POST https://generativelanguage.googleapis.com/v1beta/chat/completions "HTTP/1.1 200 OK"
[ 2025-05-07 10:56:17,425 ] 1026 httpx - INFO - HTTP Request: POST https://generativelanguage.googleapis.com/v1beta/chat/completions "HTTP/1.1 200 OK"
[ 2025-05-07 10:56:23,843 ] 1026 httpx - INFO - HTTP Request: POST https://generativelanguage.googleapis.com/v1beta/chat/completions "HTTP/1.1 200 OK"
[ 2025-05-07 10:56:43,925 ] 1026 httpx - INFO - HTTP Request: POST https://generativelanguage.googleapis.com/v1beta/chat/completions "HTTP/1.1 200 OK"
[ 2025-05-07 10:57:07,727 ] 1026 httpx - INFO - HTTP Request: POST https://generativelanguage.googleapis.com/v1beta/chat/completions "HTTP/1.1 200 OK"
[ 2025-05-07 10:57:12,782 ] 1026 httpx - INFO - HTTP Request: POST https://generativelanguage.googleapis.com/v1beta/chat/completions "HTTP/1.1 200 OK"
[ 2025-05-07 10:57:19,325 ] 1026 httpx - INFO - HTTP Request: POST https://generativelanguage.googleapis.com/v1beta/chat/completions "HTTP/1.1 200 OK"
[ 2025-05-07 10:57:22,626 ] 1026 httpx - INFO - HTTP Request: POST https://generativelanguage.googleapis.com/v1beta/chat/completions "HTTP/1.1 200 OK"
[ 2025-05-07 10:57:28,927 ] 1026 httpx - INFO - HTTP Request: POST https://generativelanguage.googleapis.com/v1beta/chat/completions "HTTP/1.1 200 OK"
[ 2025-05-07 10:57:45,365 ] 1026 httpx - INFO - HTTP Request: POST https://generativelanguage.googleapis.com/v1beta/chat/completions "HTTP/1.1 200 OK"
[ 2025-05-07 10:58:02,268 ] 1026 httpx - INFO - HTTP Request: POST https://generativelanguage.googleapis.com/v1beta/chat/completions "HTTP/1.1 200 OK"
[ 2025-05-07 10:58:08,094 ] 1026 httpx - INFO - HTTP Request: POST https://generativelanguage.googleapis.com/v1beta/chat/completions "HTTP/1.1 200 OK"
[ 2025-05-07 10:58:13,588 ] 1026 httpx - INFO - HTTP Request: POST https://generativelanguage.googleapis.com/v1beta/chat/completions "HTTP/1.1 200 OK"
[ 2025-05-07 10:58:19,132 ] 1026 httpx - INFO - HTTP Request: POST https://generativelanguage.googleapis.com/v1beta/chat/completions "HTTP/1.1 200 OK"
[ 2025-05-07 10:58:21,589 ] 1026 httpx - INFO - HTTP Request: POST https://generativelanguage.googleapis.com/v1beta/chat/completions "HTTP/1.1 200 OK"
[ 2025-05-07 10:58:27,650 ] 1026 httpx - INFO - HTTP Request: POST https://generativelanguage.googleapis.com/v1beta/chat/completions "HTTP/1.1 200 OK"
[ 2025-05-07 10:58:34,163 ] 1026 httpx - INFO - HTTP Request: POST https://generativelanguage.googleapis.com/v1beta/chat/completions "HTTP/1.1 200 OK"
[ 2025-05-07 10:58:42,065 ] 1026 httpx - INFO - HTTP Request: POST https://generativelanguage.googleapis.com/v1beta/chat/completions "HTTP/1.1 200 OK"
[ 2025-05-07 10:58:46,868 ] 1026 httpx - INFO - HTTP Request: POST https://generativelanguage.googleapis.com/v1beta/chat/completions "HTTP/1.1 200 OK"
[ 2025-05-07 10:58:52,190 ] 1026 httpx - INFO - HTTP Request: POST https://generativelanguage.googleapis.com/v1beta/chat/completions "HTTP/1.1 200 OK"
[ 2025-05-07 10:58:56,592 ] 1026 httpx - INFO - HTTP Request: POST https://generativelanguage.googleapis.com/v1beta/chat/completions "HTTP/1.1 200 OK"
[ 2025-05-07 10:59:01,229 ] 1026 httpx - INFO - HTTP Request: POST https://generativelanguage.googleapis.com/v1beta/chat/completions "HTTP/1.1 200 OK"
[ 2025-05-07 10:59:11,974 ] 1026 httpx - INFO - HTTP Request: POST https://generativelanguage.googleapis.com/v1beta/chat/completions "HTTP/1.1 200 OK"
[ 2025-05-07 10:59:28,385 ] 1026 httpx - INFO - HTTP Request: POST https://generativelanguage.googleapis.com/v1beta/chat/completions "HTTP/1.1 200 OK"
[ 2025-05-07 10:59:46,155 ] 1026 httpx - INFO - HTTP Request: POST https://generativelanguage.googleapis.com/v1beta/chat/completions "HTTP/1.1 200 OK"
[ 2025-05-07 11:00:02,007 ] 1026 httpx - INFO - HTTP Request: POST https://generativelanguage.googleapis.com/v1beta/chat/completions "HTTP/1.1 200 OK"
[ 2025-05-07 11:00:06,712 ] 1026 httpx - INFO - HTTP Request: POST https://generativelanguage.googleapis.com/v1beta/chat/completions "HTTP/1.1 200 OK"
[ 2025-05-07 11:00:11,296 ] 1026 httpx - INFO - HTTP Request: POST https://generativelanguage.googleapis.com/v1beta/chat/completions "HTTP/1.1 200 OK"
[ 2025-05-07 11:00:28,095 ] 1026 httpx - INFO - HTTP Request: POST https://generativelanguage.googleapis.com/v1beta/chat/completions "HTTP/1.1 200 OK"
[ 2025-05-07 11:00:46,945 ] 1026 httpx - INFO - HTTP Request: POST https://generativelanguage.googleapis.com/v1beta/chat/completions "HTTP/1.1 200 OK"
[ 2025-05-07 11:01:02,897 ] 1026 httpx - INFO - HTTP Request: POST https://generativelanguage.googleapis.com/v1beta/chat/completions "HTTP/1.1 200 OK"
[ 2025-05-07 11:01:08,918 ] 1026 httpx - INFO - HTTP Request: POST https://generativelanguage.googleapis.com/v1beta/chat/completions "HTTP/1.1 200 OK"
[ 2025-05-07 11:01:13,678 ] 1026 httpx - INFO - HTTP Request: POST https://generativelanguage.googleapis.com/v1beta/chat/completions "HTTP/1.1 200 OK"
