[ 2025-05-01 12:49:27,823 ] 11 WDM - INFO - ====== WebDriver manager ======
[ 2025-05-01 12:49:33,027 ] 11 WDM - INFO - Get LATEST chromedriver version for google-chrome
[ 2025-05-01 12:49:33,809 ] 11 WDM - INFO - Get LATEST chromedriver version for google-chrome
[ 2025-05-01 12:49:33,934 ] 11 WDM - INFO - Get LATEST chromedriver version for google-chrome
[ 2025-05-01 12:49:34,333 ] 11 WDM - INFO - WebDriver version 135.0.7049.114 selected
[ 2025-05-01 12:49:34,348 ] 11 WDM - INFO - Modern chrome version https://storage.googleapis.com/chrome-for-testing-public/135.0.7049.114/win32/chromedriver-win32.zip
[ 2025-05-01 12:49:34,358 ] 11 WDM - INFO - About to download new driver from https://storage.googleapis.com/chrome-for-testing-public/135.0.7049.114/win32/chromedriver-win32.zip
[ 2025-05-01 12:49:34,638 ] 11 WDM - INFO - Driver downloading response is 200
[ 2025-05-01 12:49:37,320 ] 11 WDM - INFO - Get LATEST chromedriver version for google-chrome
[ 2025-05-01 12:49:37,732 ] 11 WDM - INFO - Driver has been saved in cache [C:\Users\PrinciaFernandes\.wdm\drivers\chromedriver\win64\135.0.7049.114]
[ 2025-05-01 12:49:42,151 ] 16 __main__ - INFO - STARTING PIPELINE...
[ 2025-05-01 12:49:42,152 ] 20 __main__ - INFO - STARTING SENTINEL PIPELINE...
[ 2025-05-01 12:49:42,152 ] 18 src.pipeline.sentinel_pipe - INFO - SCRAPPING SENTINEL phenotypes...
[ 2025-05-01 12:55:06,618 ] 1026 httpx - INFO - HTTP Request: POST https://generativelanguage.googleapis.com/v1beta/chat/completions "HTTP/1.1 200 OK"
[ 2025-05-01 12:55:22,736 ] 1026 httpx - INFO - HTTP Request: POST https://generativelanguage.googleapis.com/v1beta/chat/completions "HTTP/1.1 200 OK"
[ 2025-05-01 12:55:22,742 ] 21 src.pipeline.sentinel_pipe - INFO - SCRAPPING SENTINEL done successfully
[ 2025-05-01 12:55:22,751 ] 27 src.pipeline.sentinel_pipe - INFO - Creating SENTINEL detail file...
[ 2025-05-01 12:55:22,753 ] 29 src.pipeline.sentinel_pipe - INFO - SENTINEL detail file Created Successfully...
[ 2025-05-01 12:55:22,755 ] 35 src.pipeline.sentinel_pipe - INFO - Creating SENTINEL concept file...
[ 2025-05-01 12:55:22,757 ] 37 src.pipeline.sentinel_pipe - INFO - SENTINEL concept file Created Successfully...
[ 2025-05-01 12:55:22,768 ] 23 __main__ - INFO - SENTINEL PIPELINE COMPLETED SUCCESSFULLY
[ 2025-05-01 12:55:22,769 ] 32 __main__ - INFO - STARTING HDRUK PIPELINE...
[ 2025-05-01 12:55:22,769 ] 19 src.pipeline.hdruk_pipe - INFO - SCRAPPING HDRUK phenotypes...
[ 2025-05-01 12:56:15,138 ] 23 src.pipeline.hdruk_pipe - INFO - SCRAPPING HDRUK done successfully
[ 2025-05-01 12:56:15,583 ] 29 src.pipeline.hdruk_pipe - INFO - Creating HDRUK detail file...
[ 2025-05-01 12:56:15,583 ] 31 src.pipeline.hdruk_pipe - INFO - HDRUK detail file Created Successfully...
[ 2025-05-01 12:56:15,591 ] 37 src.pipeline.hdruk_pipe - INFO - Creating HDRUK concept file...
[ 2025-05-01 12:56:15,788 ] 39 src.pipeline.hdruk_pipe - INFO - HDRUK concept file Created Successfully...
[ 2025-05-01 12:56:16,166 ] 35 __main__ - INFO - HDRUK PIPELINE COMPLETED SUCCESSFULLY
[ 2025-05-01 12:56:16,166 ] 45 __main__ - INFO - STARTING CPRD PIPELINE...
[ 2025-05-01 12:56:16,166 ] 18 src.pipeline.cprd_pipe - INFO - SCRAPPING CPRD phenotypes...
[ 2025-05-01 12:56:18,184 ] 21 src.pipeline.cprd_pipe - INFO - SCRAPPING CPRD done successfully
[ 2025-05-01 12:56:18,209 ] 27 src.pipeline.cprd_pipe - INFO - Creating CPRD detail file...
[ 2025-05-01 12:56:18,209 ] 29 src.pipeline.cprd_pipe - INFO - CPRD detail file Created Successfully...
[ 2025-05-01 12:56:18,211 ] 35 src.pipeline.cprd_pipe - INFO - Creating CPRD concept file...
[ 2025-05-01 12:56:18,214 ] 37 src.pipeline.cprd_pipe - INFO - CPRD concept file Created Successfully...
[ 2025-05-01 12:56:18,249 ] 48 __main__ - INFO - CPRD PIPELINE COMPLETED SUCCESSFULLY
[ 2025-05-01 12:56:18,249 ] 58 __main__ - INFO - STARTING PHEKB PIPELINE...
[ 2025-05-01 12:56:18,249 ] 18 src.pipeline.phekb_pipe - INFO - SCRAPPING PHEKB phenotypes...
[ 2025-05-01 12:57:09,973 ] 21 src.pipeline.phekb_pipe - INFO - SCRAPPING PHEKB done successfully
[ 2025-05-01 12:57:09,973 ] 27 src.pipeline.phekb_pipe - INFO - Creating PHEKB detail file...
[ 2025-05-01 12:57:09,973 ] 29 src.pipeline.phekb_pipe - INFO - PHEKB detail file Created Successfully...
[ 2025-05-01 12:57:09,973 ] 35 src.pipeline.phekb_pipe - INFO - Creating PHEKB concept file...
[ 2025-05-01 12:57:09,973 ] 37 src.pipeline.phekb_pipe - INFO - PHEKB concept file Created Successfully...
[ 2025-05-01 12:57:09,980 ] 61 __main__ - INFO - PHEKB PIPELINE COMPLETED SUCCESSFULLY
[ 2025-05-01 12:57:09,981 ] 70 __main__ - INFO - STARTING OHDSI PIPELINE...
[ 2025-05-01 12:57:09,981 ] 16 src.pipeline.ohdsi_pipe - INFO - Creating OHDSI detail file...
[ 2025-05-01 12:57:10,054 ] 19 src.pipeline.ohdsi_pipe - INFO - OHDSI detail file Created Successfully...
[ 2025-05-01 12:57:10,242 ] 26 src.pipeline.ohdsi_pipe - INFO - Creating OHDSI concept file...
[ 2025-05-01 12:57:10,322 ] 28 src.pipeline.ohdsi_pipe - INFO - OHDSI concept file Created Successfully...
[ 2025-05-01 12:57:10,346 ] 73 __main__ - INFO - OHDSI PIPELINE COMPLETED SUCCESSFULLY
[ 2025-05-01 12:57:10,346 ] 84 __main__ - INFO - CREATING MASTERLIST
[ 2025-05-01 12:57:10,355 ] 87 __main__ - INFO - MASTERLIST CREATED SUCCESSFULLY
[ 2025-05-01 12:57:10,377 ] 97 __main__ - INFO - STARTING NEO4J LOADER...
[ 2025-05-01 12:57:12,434 ] 101 __main__ - ERROR - AN ERROR OCCURRED WHILE RUNNING THE NEO4J LOADER
Traceback (most recent call last):
  File "C:\Users\PrinciaFernandes\Mresult\Phenomix\main.py", line 98, in <module>
    push_to_neo4j(masterlist,detail_files,concept_files)
  File "C:\Users\PrinciaFernandes\Mresult\Phenomix\src\database\neo4j.py", line 17, in push_to_neo4j
    """, name=phenotype_name,row = item)
  File "C:\Users\PrinciaFernandes\anaconda3\Lib\site-packages\neo4j\_sync\work\session.py", line 313, in run
    self._connect(self._config.default_access_mode)
  File "C:\Users\PrinciaFernandes\anaconda3\Lib\site-packages\neo4j\_sync\work\session.py", line 136, in _connect
    super()._connect(
  File "C:\Users\PrinciaFernandes\anaconda3\Lib\site-packages\neo4j\_sync\work\workspace.py", line 199, in _connect
    self._connection = self._pool.acquire(**acquire_kwargs_)
                       ^^^^^^^^^^^^^^^^^^^^^^^^^^^^^^^^^^^^^
  File "C:\Users\PrinciaFernandes\anaconda3\Lib\site-packages\neo4j\_sync\io\_pool.py", line 662, in acquire
    return self._acquire(
           ^^^^^^^^^^^^^^
  File "C:\Users\PrinciaFernandes\anaconda3\Lib\site-packages\neo4j\_sync\io\_pool.py", line 408, in _acquire
    return connection_creator()
           ^^^^^^^^^^^^^^^^^^^^
  File "C:\Users\PrinciaFernandes\anaconda3\Lib\site-packages\neo4j\_sync\io\_pool.py", line 230, in connection_creator
    connection = self.opener(
                 ^^^^^^^^^^^^
  File "C:\Users\PrinciaFernandes\anaconda3\Lib\site-packages\neo4j\_sync\io\_pool.py", line 624, in opener
    return Bolt.open(
           ^^^^^^^^^^
  File "C:\Users\PrinciaFernandes\anaconda3\Lib\site-packages\neo4j\_sync\io\_bolt.py", line 430, in open
    connection.hello()
  File "C:\Users\PrinciaFernandes\anaconda3\Lib\site-packages\neo4j\_sync\io\_bolt5.py", line 740, in hello
    self.fetch_all()
  File "C:\Users\PrinciaFernandes\anaconda3\Lib\site-packages\neo4j\_sync\io\_bolt.py", line 879, in fetch_all
    detail_delta, summary_delta = self.fetch_message()
                                  ^^^^^^^^^^^^^^^^^^^^
  File "C:\Users\PrinciaFernandes\anaconda3\Lib\site-packages\neo4j\_sync\io\_bolt.py", line 864, in fetch_message
    res = self._process_message(tag, fields)
          ^^^^^^^^^^^^^^^^^^^^^^^^^^^^^^^^^^
  File "C:\Users\PrinciaFernandes\anaconda3\Lib\site-packages\neo4j\_sync\io\_bolt5.py", line 500, in _process_message
    response.on_failure(summary_metadata or {})
  File "C:\Users\PrinciaFernandes\anaconda3\Lib\site-packages\neo4j\_sync\io\_common.py", line 295, in on_failure
    raise self._hydrate_error(metadata)
neo4j.exceptions.AuthError: {code: Neo.ClientError.Security.Unauthorized} {message: The client is unauthorized due to authentication failure.}
